
  .   ____          _            __ _ _
 /\\ / ___'_ __ _ _(_)_ __  __ _ \ \ \ \
( ( )\___ | '_ | '_| | '_ \/ _` | \ \ \ \
 \\/  ___)| |_)| | | | | || (_| |  ) ) ) )
  '  |____| .__|_| |_|_| |_\__, | / / / /
 =========|_|==============|___/=/_/_/_/

 :: Spring Boot ::               (v3.5.13)

2026-04-01T23:26:29.666+05:30  INFO 5700 --- [bookstore] [           main] com.bookstore.BookstoreApplication       : Starting BookstoreApplication v0.0.1-SNAPSHOT using Java 21.0.10 with PID 5700 (D:\final year projects\bookstore\target\bookstore-0.0.1-SNAPSHOT.jar started by prana in D:\final year projects\bookstore)
2026-04-01T23:26:29.671+05:30  INFO 5700 --- [bookstore] [           main] com.bookstore.BookstoreApplication       : No active profile set, falling back to 1 default profile: "default"
2026-04-01T23:26:30.798+05:30  INFO 5700 --- [bookstore] [           main] .s.d.r.c.RepositoryConfigurationDelegate : Bootstrapping Spring Data JPA repositories in DEFAULT mode.
2026-04-01T23:26:30.882+05:30  INFO 5700 --- [bookstore] [           main] .s.d.r.c.RepositoryConfigurationDelegate : Finished Spring Data repository scanning in 73 ms. Found 10 JPA repository interfaces.
2026-04-01T23:26:31.935+05:30  INFO 5700 --- [bookstore] [           main] o.s.b.w.embedded.tomcat.TomcatWebServer  : Tomcat initialized with port 8085 (http)
2026-04-01T23:26:31.950+05:30  INFO 5700 --- [bookstore] [           main] o.apache.catalina.core.StandardService   : Starting service [Tomcat]
2026-04-01T23:26:31.951+05:30  INFO 5700 --- [bookstore] [           main] o.apache.catalina.core.StandardEngine    : Starting Servlet engine: [Apache Tomcat/10.1.53]
2026-04-01T23:26:31.978+05:30  INFO 5700 --- [bookstore] [           main] o.a.c.c.C.[Tomcat].[localhost].[/]       : Initializing Spring embedded WebApplicationContext
2026-04-01T23:26:31.980+05:30  INFO 5700 --- [bookstore] [           main] w.s.c.ServletWebServerApplicationContext : Root WebApplicationContext: initialization completed in 2263 ms
2026-04-01T23:26:32.274+05:30  INFO 5700 --- [bookstore] [           main] o.hibernate.jpa.internal.util.LogHelper  : HHH000204: Processing PersistenceUnitInfo [name: default]
2026-04-01T23:26:32.381+05:30  INFO 5700 --- [bookstore] [           main] org.hibernate.Version                    : HHH000412: Hibernate ORM core version 6.6.45.Final
2026-04-01T23:26:32.425+05:30  INFO 5700 --- [bookstore] [           main] o.h.c.internal.RegionFactoryInitiator    : HHH000026: Second-level cache disabled
2026-04-01T23:26:32.850+05:30  INFO 5700 --- [bookstore] [           main] o.s.o.j.p.SpringPersistenceUnitInfo      : No LoadTimeWeaver setup: ignoring JPA class transformer
2026-04-01T23:26:32.880+05:30  INFO 5700 --- [bookstore] [           main] com.zaxxer.hikari.HikariDataSource       : HikariPool-1 - Starting...
2026-04-01T23:26:33.129+05:30  INFO 5700 --- [bookstore] [           main] com.zaxxer.hikari.pool.HikariPool        : HikariPool-1 - Added connection conn0: url=jdbc:h2:mem:bookstore_test user=SA
2026-04-01T23:26:33.133+05:30  INFO 5700 --- [bookstore] [           main] com.zaxxer.hikari.HikariDataSource       : HikariPool-1 - Start completed.
2026-04-01T23:26:33.263+05:30  INFO 5700 --- [bookstore] [           main] org.hibernate.orm.connections.pooling    : HHH10001005: Database info:
	Database JDBC URL [Connecting through datasource 'HikariDataSource (HikariPool-1)']
	Database driver: undefined/unknown
	Database version: 2.3.232
	Autocommit mode: undefined/unknown
	Isolation level: undefined/unknown
	Minimum pool size: undefined/unknown
	Maximum pool size: undefined/unknown
2026-04-01T23:26:34.456+05:30  INFO 5700 --- [bookstore] [           main] o.h.e.t.j.p.i.JtaPlatformInitiator       : HHH000489: No JTA platform available (set 'hibernate.transaction.jta.platform' to enable JTA platform integration)
2026-04-01T23:26:34.528+05:30  INFO 5700 --- [bookstore] [           main] j.LocalContainerEntityManagerFactoryBean : Initialized JPA EntityManagerFactory for persistence unit 'default'
2026-04-01T23:26:35.681+05:30  INFO 5700 --- [bookstore] [           main] eAuthenticationProviderManagerConfigurer : Global AuthenticationManager configured with AuthenticationProvider bean with name authenticationProvider
2026-04-01T23:26:35.682+05:30  WARN 5700 --- [bookstore] [           main] r$InitializeUserDetailsManagerConfigurer : Global AuthenticationManager configured with an AuthenticationProvider bean. UserDetailsService beans will not be used by Spring Security for automatically configuring username/password login. Consider removing the AuthenticationProvider bean. Alternatively, consider using the UserDetailsService in a manually instantiated DaoAuthenticationProvider. If the current configuration is intentional, to turn off this warning, increase the logging level of 'org.springframework.security.config.annotation.authentication.configuration.InitializeUserDetailsBeanManagerConfigurer' to ERROR
2026-04-01T23:26:36.005+05:30  WARN 5700 --- [bookstore] [           main] JpaBaseConfiguration$JpaWebConfiguration : spring.jpa.open-in-view is enabled by default. Therefore, database queries may be performed during view rendering. Explicitly configure spring.jpa.open-in-view to disable this warning
2026-04-01T23:26:37.026+05:30  INFO 5700 --- [bookstore] [           main] o.s.b.w.embedded.tomcat.TomcatWebServer  : Tomcat started on port 8085 (http) with context path '/'
2026-04-01T23:26:37.267+05:30  INFO 5700 --- [bookstore] [           main] com.bookstore.BookstoreApplication       : Started BookstoreApplication in 7.855 seconds (process running for 8.724)
2026-04-01T23:26:37.583+05:30  INFO 5700 --- [bookstore] [           main] com.bookstore.config.DataInitializer     : Default admin user created with email admin@bookstore.com
2026-04-01T23:26:37.593+05:30  INFO 5700 --- [bookstore] [           main] com.bookstore.config.DataInitializer     : Default subscription plan created
2026-04-01T23:26:37.809+05:30  INFO 5700 --- [bookstore] [           main] com.bookstore.config.DataInitializer     : Seeded 6 sample books
