
  .   ____          _            __ _ _
 /\\ / ___'_ __ _ _(_)_ __  __ _ \ \ \ \
( ( )\___ | '_ | '_| | '_ \/ _` | \ \ \ \
 \\/  ___)| |_)| | | | | || (_| |  ) ) ) )
  '  |____| .__|_| |_|_| |_\__, | / / / /
 =========|_|==============|___/=/_/_/_/

 :: Spring Boot ::               (v3.5.13)

2026-04-01T23:53:31.298+05:30  INFO 25096 --- [bookstore] [           main] com.bookstore.BookstoreApplication       : Starting BookstoreApplication v0.0.1-SNAPSHOT using Java 21.0.10 with PID 25096 (D:\final year projects\bookstore\target\bookstore-0.0.1-SNAPSHOT.jar started by prana in D:\final year projects\bookstore)
2026-04-01T23:53:31.301+05:30  INFO 25096 --- [bookstore] [           main] com.bookstore.BookstoreApplication       : No active profile set, falling back to 1 default profile: "default"
2026-04-01T23:53:32.467+05:30  INFO 25096 --- [bookstore] [           main] .s.d.r.c.RepositoryConfigurationDelegate : Bootstrapping Spring Data JPA repositories in DEFAULT mode.
2026-04-01T23:53:32.550+05:30  INFO 25096 --- [bookstore] [           main] .s.d.r.c.RepositoryConfigurationDelegate : Finished Spring Data repository scanning in 72 ms. Found 10 JPA repository interfaces.
2026-04-01T23:53:33.694+05:30  INFO 25096 --- [bookstore] [           main] o.s.b.w.embedded.tomcat.TomcatWebServer  : Tomcat initialized with port 8091 (http)
2026-04-01T23:53:33.713+05:30  INFO 25096 --- [bookstore] [           main] o.apache.catalina.core.StandardService   : Starting service [Tomcat]
2026-04-01T23:53:33.714+05:30  INFO 25096 --- [bookstore] [           main] o.apache.catalina.core.StandardEngine    : Starting Servlet engine: [Apache Tomcat/10.1.53]
2026-04-01T23:53:33.752+05:30  INFO 25096 --- [bookstore] [           main] o.a.c.c.C.[Tomcat].[localhost].[/]       : Initializing Spring embedded WebApplicationContext
2026-04-01T23:53:33.753+05:30  INFO 25096 --- [bookstore] [           main] w.s.c.ServletWebServerApplicationContext : Root WebApplicationContext: initialization completed in 2400 ms
2026-04-01T23:53:34.004+05:30  INFO 25096 --- [bookstore] [           main] o.hibernate.jpa.internal.util.LogHelper  : HHH000204: Processing PersistenceUnitInfo [name: default]
2026-04-01T23:53:34.160+05:30  INFO 25096 --- [bookstore] [           main] org.hibernate.Version                    : HHH000412: Hibernate ORM core version 6.6.45.Final
2026-04-01T23:53:34.217+05:30  INFO 25096 --- [bookstore] [           main] o.h.c.internal.RegionFactoryInitiator    : HHH000026: Second-level cache disabled
2026-04-01T23:53:34.622+05:30  INFO 25096 --- [bookstore] [           main] o.s.o.j.p.SpringPersistenceUnitInfo      : No LoadTimeWeaver setup: ignoring JPA class transformer
2026-04-01T23:53:34.648+05:30  INFO 25096 --- [bookstore] [           main] com.zaxxer.hikari.HikariDataSource       : HikariPool-1 - Starting...
2026-04-01T23:53:34.865+05:30  INFO 25096 --- [bookstore] [           main] com.zaxxer.hikari.pool.HikariPool        : HikariPool-1 - Added connection conn0: url=jdbc:h2:mem:bookstore_read user=SA
2026-04-01T23:53:34.867+05:30  INFO 25096 --- [bookstore] [           main] com.zaxxer.hikari.HikariDataSource       : HikariPool-1 - Start completed.
2026-04-01T23:53:34.986+05:30  INFO 25096 --- [bookstore] [           main] org.hibernate.orm.connections.pooling    : HHH10001005: Database info:
	Database JDBC URL [Connecting through datasource 'HikariDataSource (HikariPool-1)']
	Database driver: undefined/unknown
	Database version: 2.3.232
	Autocommit mode: undefined/unknown
	Isolation level: undefined/unknown
	Minimum pool size: undefined/unknown
	Maximum pool size: undefined/unknown
2026-04-01T23:53:36.453+05:30  INFO 25096 --- [bookstore] [           main] o.h.e.t.j.p.i.JtaPlatformInitiator       : HHH000489: No JTA platform available (set 'hibernate.transaction.jta.platform' to enable JTA platform integration)
2026-04-01T23:53:36.524+05:30  INFO 25096 --- [bookstore] [           main] j.LocalContainerEntityManagerFactoryBean : Initialized JPA EntityManagerFactory for persistence unit 'default'
2026-04-01T23:53:37.720+05:30  INFO 25096 --- [bookstore] [           main] eAuthenticationProviderManagerConfigurer : Global AuthenticationManager configured with AuthenticationProvider bean with name authenticationProvider
2026-04-01T23:53:37.723+05:30  WARN 25096 --- [bookstore] [           main] r$InitializeUserDetailsManagerConfigurer : Global AuthenticationManager configured with an AuthenticationProvider bean. UserDetailsService beans will not be used by Spring Security for automatically configuring username/password login. Consider removing the AuthenticationProvider bean. Alternatively, consider using the UserDetailsService in a manually instantiated DaoAuthenticationProvider. If the current configuration is intentional, to turn off this warning, increase the logging level of 'org.springframework.security.config.annotation.authentication.configuration.InitializeUserDetailsBeanManagerConfigurer' to ERROR
2026-04-01T23:53:38.017+05:30  WARN 25096 --- [bookstore] [           main] JpaBaseConfiguration$JpaWebConfiguration : spring.jpa.open-in-view is enabled by default. Therefore, database queries may be performed during view rendering. Explicitly configure spring.jpa.open-in-view to disable this warning
2026-04-01T23:53:39.052+05:30  INFO 25096 --- [bookstore] [           main] o.s.b.w.embedded.tomcat.TomcatWebServer  : Tomcat started on port 8091 (http) with context path '/'
2026-04-01T23:53:39.075+05:30  INFO 25096 --- [bookstore] [           main] com.bookstore.BookstoreApplication       : Started BookstoreApplication in 8.243 seconds (process running for 8.907)
2026-04-01T23:53:39.381+05:30  INFO 25096 --- [bookstore] [           main] com.bookstore.config.DataInitializer     : Default admin user created with email admin@bookstore.com
2026-04-01T23:53:39.388+05:30  INFO 25096 --- [bookstore] [           main] com.bookstore.config.DataInitializer     : Default subscription plan created
2026-04-01T23:53:39.573+05:30  INFO 25096 --- [bookstore] [           main] com.bookstore.config.DataInitializer     : Seeded 6 sample books
2026-04-01T23:53:40.013+05:30  INFO 25096 --- [bookstore] [nio-8091-exec-1] o.a.c.c.C.[Tomcat].[localhost].[/]       : Initializing Spring DispatcherServlet 'dispatcherServlet'
2026-04-01T23:53:40.014+05:30  INFO 25096 --- [bookstore] [nio-8091-exec-1] o.s.web.servlet.DispatcherServlet        : Initializing Servlet 'dispatcherServlet'
2026-04-01T23:53:40.015+05:30  INFO 25096 --- [bookstore] [nio-8091-exec-1] o.s.web.servlet.DispatcherServlet        : Completed initialization in 1 ms
2026-04-01T23:53:40.106+05:30  INFO 25096 --- [bookstore] [nio-8091-exec-1] c.b.service.impl.AuthServiceImpl         : Registering user with email: read.20260401235339@example.com
2026-04-01T23:53:40.519+05:30  INFO 25096 --- [bookstore] [nio-8091-exec-4] c.b.service.impl.OrderServiceImpl        : Creating order for user id: 2
2026-04-01T23:53:40.530+05:30  INFO 25096 --- [bookstore] [nio-8091-exec-4] c.b.service.impl.OrderServiceImpl        : Order created successfully for user id: 2 with 1 books
