
  .   ____          _            __ _ _
 /\\ / ___'_ __ _ _(_)_ __  __ _ \ \ \ \
( ( )\___ | '_ | '_| | '_ \/ _` | \ \ \ \
 \\/  ___)| |_)| | | | | || (_| |  ) ) ) )
  '  |____| .__|_| |_|_| |_\__, | / / / /
 =========|_|==============|___/=/_/_/_/

 :: Spring Boot ::               (v3.5.13)

2026-04-02T00:05:00.511+05:30  INFO 19796 --- [bookstore] [           main] com.bookstore.BookstoreApplication       : Starting BookstoreApplication v0.0.1-SNAPSHOT using Java 21.0.10 with PID 19796 (D:\final year projects\bookstore\target\bookstore-0.0.1-SNAPSHOT.jar started by prana in D:\final year projects\bookstore)
2026-04-02T00:05:00.516+05:30  INFO 19796 --- [bookstore] [           main] com.bookstore.BookstoreApplication       : No active profile set, falling back to 1 default profile: "default"
2026-04-02T00:05:01.832+05:30  INFO 19796 --- [bookstore] [           main] .s.d.r.c.RepositoryConfigurationDelegate : Bootstrapping Spring Data JPA repositories in DEFAULT mode.
2026-04-02T00:05:01.912+05:30  INFO 19796 --- [bookstore] [           main] .s.d.r.c.RepositoryConfigurationDelegate : Finished Spring Data repository scanning in 68 ms. Found 10 JPA repository interfaces.
2026-04-02T00:05:03.088+05:30  INFO 19796 --- [bookstore] [           main] o.s.b.w.embedded.tomcat.TomcatWebServer  : Tomcat initialized with port 8093 (http)
2026-04-02T00:05:03.113+05:30  INFO 19796 --- [bookstore] [           main] o.apache.catalina.core.StandardService   : Starting service [Tomcat]
2026-04-02T00:05:03.114+05:30  INFO 19796 --- [bookstore] [           main] o.apache.catalina.core.StandardEngine    : Starting Servlet engine: [Apache Tomcat/10.1.53]
2026-04-02T00:05:03.148+05:30  INFO 19796 --- [bookstore] [           main] o.a.c.c.C.[Tomcat].[localhost].[/]       : Initializing Spring embedded WebApplicationContext
2026-04-02T00:05:03.149+05:30  INFO 19796 --- [bookstore] [           main] w.s.c.ServletWebServerApplicationContext : Root WebApplicationContext: initialization completed in 2586 ms
2026-04-02T00:05:03.420+05:30  INFO 19796 --- [bookstore] [           main] o.hibernate.jpa.internal.util.LogHelper  : HHH000204: Processing PersistenceUnitInfo [name: default]
2026-04-02T00:05:03.612+05:30  INFO 19796 --- [bookstore] [           main] org.hibernate.Version                    : HHH000412: Hibernate ORM core version 6.6.45.Final
2026-04-02T00:05:03.679+05:30  INFO 19796 --- [bookstore] [           main] o.h.c.internal.RegionFactoryInitiator    : HHH000026: Second-level cache disabled
2026-04-02T00:05:04.057+05:30  INFO 19796 --- [bookstore] [           main] o.s.o.j.p.SpringPersistenceUnitInfo      : No LoadTimeWeaver setup: ignoring JPA class transformer
2026-04-02T00:05:04.085+05:30  INFO 19796 --- [bookstore] [           main] com.zaxxer.hikari.HikariDataSource       : HikariPool-1 - Starting...
2026-04-02T00:05:04.290+05:30  INFO 19796 --- [bookstore] [           main] com.zaxxer.hikari.pool.HikariPool        : HikariPool-1 - Added connection conn0: url=jdbc:h2:mem:bookstore_fix user=SA
2026-04-02T00:05:04.295+05:30  INFO 19796 --- [bookstore] [           main] com.zaxxer.hikari.HikariDataSource       : HikariPool-1 - Start completed.
