
  .   ____          _            __ _ _
 /\\ / ___'_ __ _ _(_)_ __  __ _ \ \ \ \
( ( )\___ | '_ | '_| | '_ \/ _` | \ \ \ \
 \\/  ___)| |_)| | | | | || (_| |  ) ) ) )
  '  |____| .__|_| |_|_| |_\__, | / / / /
 =========|_|==============|___/=/_/_/_/

 :: Spring Boot ::               (v3.5.13)

2026-04-02T00:11:50.190+05:30  INFO 24572 --- [bookstore] [           main] com.bookstore.BookstoreApplication       : Starting BookstoreApplication v0.0.1-SNAPSHOT using Java 21.0.10 with PID 24572 (D:\final year projects\bookstore\target\bookstore-0.0.1-SNAPSHOT.jar started by prana in D:\final year projects\bookstore)
2026-04-02T00:11:50.194+05:30  INFO 24572 --- [bookstore] [           main] com.bookstore.BookstoreApplication       : No active profile set, falling back to 1 default profile: "default"
2026-04-02T00:11:51.303+05:30  INFO 24572 --- [bookstore] [           main] .s.d.r.c.RepositoryConfigurationDelegate : Bootstrapping Spring Data JPA repositories in DEFAULT mode.
2026-04-02T00:11:51.380+05:30  INFO 24572 --- [bookstore] [           main] .s.d.r.c.RepositoryConfigurationDelegate : Finished Spring Data repository scanning in 67 ms. Found 10 JPA repository interfaces.
2026-04-02T00:11:52.489+05:30  INFO 24572 --- [bookstore] [           main] o.s.b.w.embedded.tomcat.TomcatWebServer  : Tomcat initialized with port 8097 (http)
2026-04-02T00:11:52.502+05:30  INFO 24572 --- [bookstore] [           main] o.apache.catalina.core.StandardService   : Starting service [Tomcat]
2026-04-02T00:11:52.503+05:30  INFO 24572 --- [bookstore] [           main] o.apache.catalina.core.StandardEngine    : Starting Servlet engine: [Apache Tomcat/10.1.53]
2026-04-02T00:11:52.531+05:30  INFO 24572 --- [bookstore] [           main] o.a.c.c.C.[Tomcat].[localhost].[/]       : Initializing Spring embedded WebApplicationContext
2026-04-02T00:11:52.533+05:30  INFO 24572 --- [bookstore] [           main] w.s.c.ServletWebServerApplicationContext : Root WebApplicationContext: initialization completed in 2287 ms
2026-04-02T00:11:52.841+05:30  INFO 24572 --- [bookstore] [           main] o.hibernate.jpa.internal.util.LogHelper  : HHH000204: Processing PersistenceUnitInfo [name: default]
2026-04-02T00:11:52.939+05:30  INFO 24572 --- [bookstore] [           main] org.hibernate.Version                    : HHH000412: Hibernate ORM core version 6.6.45.Final
2026-04-02T00:11:52.976+05:30  INFO 24572 --- [bookstore] [           main] o.h.c.internal.RegionFactoryInitiator    : HHH000026: Second-level cache disabled
2026-04-02T00:11:53.334+05:30  INFO 24572 --- [bookstore] [           main] o.s.o.j.p.SpringPersistenceUnitInfo      : No LoadTimeWeaver setup: ignoring JPA class transformer
2026-04-02T00:11:53.374+05:30  INFO 24572 --- [bookstore] [           main] com.zaxxer.hikari.HikariDataSource       : HikariPool-1 - Starting...
2026-04-02T00:11:53.549+05:30  INFO 24572 --- [bookstore] [           main] com.zaxxer.hikari.pool.HikariPool        : HikariPool-1 - Added connection conn0: url=jdbc:h2:mem:bookstore_probe user=SA
2026-04-02T00:11:53.552+05:30  INFO 24572 --- [bookstore] [           main] com.zaxxer.hikari.HikariDataSource       : HikariPool-1 - Start completed.
